c:\users\blah\desktop\121-p6-vurdien-navie\121-p6-vurdien-navie\debug\121-p6-vurdien-navie.pch
c:\users\blah\desktop\121-p6-vurdien-navie\121-p6-vurdien-navie\debug\vc120.pdb
c:\users\blah\desktop\121-p6-vurdien-navie\121-p6-vurdien-navie\debug\vc120.idb
c:\users\blah\desktop\121-p6-vurdien-navie\121-p6-vurdien-navie\debug\stdafx.obj
c:\users\blah\desktop\121-p6-vurdien-navie\121-p6-vurdien-navie\debug\games.obj
c:\users\blah\desktop\121-p6-vurdien-navie\121-p6-vurdien-navie\debug\card.obj
c:\users\blah\desktop\121-p6-vurdien-navie\121-p6-vurdien-navie\debug\game_master.obj
c:\users\blah\desktop\121-p6-vurdien-navie\121-p6-vurdien-navie\debug\house-parser.obj
c:\users\blah\desktop\121-p6-vurdien-navie\121-p6-vurdien-navie\debug\house.obj
c:\users\blah\desktop\121-p6-vurdien-navie\121-p6-vurdien-navie\debug\maze.obj
c:\users\blah\desktop\121-p6-vurdien-navie\121-p6-vurdien-navie\debug\nim.obj
c:\users\blah\desktop\121-p6-vurdien-navie\121-p6-vurdien-navie\debug\number.obj
c:\users\blah\desktop\121-p6-vurdien-navie\121-p6-vurdien-navie\debug\perr.obj
c:\users\blah\desktop\121-p6-vurdien-navie\121-p6-vurdien-navie\debug\room.obj
c:\users\blah\desktop\121-p6-vurdien-navie\121-p6-vurdien-navie\debug\token_reader.obj
c:\users\blah\desktop\121-p6-vurdien-navie\debug\121-p6-vurdien-navie.ilk
c:\users\blah\desktop\121-p6-vurdien-navie\debug\121-p6-vurdien-navie.exe
c:\users\blah\desktop\121-p6-vurdien-navie\debug\121-p6-vurdien-navie.pdb
c:\users\blah\desktop\121-p6-vurdien-navie\121-p6-vurdien-navie\debug\121-p6-v.9c8733d7.tlog\cl.command.1.tlog
c:\users\blah\desktop\121-p6-vurdien-navie\121-p6-vurdien-navie\debug\121-p6-v.9c8733d7.tlog\cl.read.1.tlog
c:\users\blah\desktop\121-p6-vurdien-navie\121-p6-vurdien-navie\debug\121-p6-v.9c8733d7.tlog\cl.write.1.tlog
c:\users\blah\desktop\121-p6-vurdien-navie\121-p6-vurdien-navie\debug\121-p6-v.9c8733d7.tlog\link.command.1.tlog
c:\users\blah\desktop\121-p6-vurdien-navie\121-p6-vurdien-navie\debug\121-p6-v.9c8733d7.tlog\link.read.1.tlog
c:\users\blah\desktop\121-p6-vurdien-navie\121-p6-vurdien-navie\debug\121-p6-v.9c8733d7.tlog\link.write.1.tlog
